<?xml version="1.0" encoding="UTF-8"?>
<!-- Generated by org.testng.reporters.JUnitReportReporter -->
<testsuite hostname="DESKTOP-M4GRLMR" failures="0" tests="3" name="MyClass" time="39.142" errors="0" timestamp="2023-10-24T20:55:29 EET" skipped="0">
  <testcase classname="MyClass" name="TestAdditionProcess" time="11.971"/>
  <system-out/>
  <testcase classname="MyClass" name="PowerFunctionTest" time="13.433"/>
  <system-out/>
  <testcase classname="MyClass" name="TestSubtractionProcess" time="13.738"/>
  <system-out/>
</testsuite> <!-- MyClass -->
